2026.01.13 06:35:45 INFO  Started: Metals version 1.6.4 in folders '/Users/cachavezmcpro21/java-spring-projects/notifications' for client Visual Studio Code 1.107.1.
2026.01.13 06:35:45 WARN  Using H2 2.4.240 which is newer than the version Flyway has been verified with. The latest verified version of H2 is 2.3.232.
2026.01.13 06:35:45 INFO  no build target found for /Users/cachavezmcpro21/java-spring-projects/notifications/src/main/java/com/ivansystems/notifications/model/Category.java. Using fallback presentation compiler.
2026.01.13 06:36:07 WARN  no build target for: /Users/cachavezmcpro21/java-spring-projects/notifications/src/main/java/com/ivansystems/notifications/model/Category.java
2026.01.13 06:36:11 INFO  no build target found for /Users/cachavezmcpro21/java-spring-projects/notifications/src/main/java/com/ivansystems/notifications/model/Category.java. Using fallback presentation compiler.
2026.01.13 06:36:11 INFO  no build target found for /Users/cachavezmcpro21/java-spring-projects/notifications/src/main/java/com/ivansystems/notifications/model/Category.java. Using fallback presentation compiler.
2026.01.13 06:36:11 INFO  no build target found for /Users/cachavezmcpro21/java-spring-projects/notifications/src/main/java/com/ivansystems/notifications/model/Category.java. Using fallback presentation compiler.
2026.01.13 06:36:11 INFO  no build target found for /Users/cachavezmcpro21/java-spring-projects/notifications/src/main/java/com/ivansystems/notifications/model/Category.java. Using fallback presentation compiler.
Jan 13, 2026 6:36:11 AM org.eclipse.lsp4j.jsonrpc.RemoteEndpoint handleCancellation
WARNING: Unmatched cancel notification for request id 9
2026.01.13 06:36:12 INFO  no build target found for /Users/cachavezmcpro21/java-spring-projects/notifications/src/main/java/com/ivansystems/notifications/model/Category.java. Using fallback presentation compiler.
2026.01.13 06:36:14 INFO  no build target found for /Users/cachavezmcpro21/java-spring-projects/notifications/src/main/java/com/ivansystems/notifications/model/Category.java. Using fallback presentation compiler.
2026.01.13 06:36:14 INFO  no build target found for /Users/cachavezmcpro21/java-spring-projects/notifications/src/main/java/com/ivansystems/notifications/model/Category.java. Using fallback presentation compiler.
2026.01.13 06:36:14 INFO  no build target found for /Users/cachavezmcpro21/java-spring-projects/notifications/src/main/java/com/ivansystems/notifications/model/Category.java. Using fallback presentation compiler.
2026.01.13 06:36:16 INFO  no build target found for /Users/cachavezmcpro21/java-spring-projects/notifications/src/main/java/com/ivansystems/notifications/model/Category.java. Using fallback presentation compiler.
2026.01.13 06:36:18 INFO  no build target found for /Users/cachavezmcpro21/java-spring-projects/notifications/src/main/java/com/ivansystems/notifications/model/Category.java. Using fallback presentation compiler.
2026.01.13 06:36:18 INFO  no build target found for /Users/cachavezmcpro21/java-spring-projects/notifications/src/main/java/com/ivansystems/notifications/model/Category.java. Using fallback presentation compiler.
2026.01.13 06:36:18 INFO  no build target found for /Users/cachavezmcpro21/java-spring-projects/notifications/src/main/java/com/ivansystems/notifications/model/Category.java. Using fallback presentation compiler.
2026.01.13 06:36:18 INFO  no build target found for /Users/cachavezmcpro21/java-spring-projects/notifications/src/main/java/com/ivansystems/notifications/model/Category.java. Using fallback presentation compiler.
2026.01.13 06:36:24 INFO  no build target found for /Users/cachavezmcpro21/java-spring-projects/notifications/src/main/java/com/ivansystems/notifications/model/Category.java. Using fallback presentation compiler.
2026.01.13 06:36:24 INFO  no build target found for /Users/cachavezmcpro21/java-spring-projects/notifications/src/main/java/com/ivansystems/notifications/model/Category.java. Using fallback presentation compiler.
2026.01.13 06:36:24 INFO  no build target found for /Users/cachavezmcpro21/java-spring-projects/notifications/src/main/java/com/ivansystems/notifications/model/Category.java. Using fallback presentation compiler.
2026.01.13 06:36:43 WARN  no build target for: /Users/cachavezmcpro21/java-spring-projects/notifications/src/main/java/com/ivansystems/notifications/model/ChannelType.java
2026.01.13 06:36:44 INFO  no build target found for /Users/cachavezmcpro21/java-spring-projects/notifications/src/main/java/com/ivansystems/notifications/model/ChannelType.java. Using fallback presentation compiler.
2026.01.13 06:36:44 INFO  no build target found for /Users/cachavezmcpro21/java-spring-projects/notifications/src/main/java/com/ivansystems/notifications/model/ChannelType.java. Using fallback presentation compiler.
2026.01.13 06:36:46 INFO  no build target found for /Users/cachavezmcpro21/java-spring-projects/notifications/src/main/java/com/ivansystems/notifications/model/ChannelType.java. Using fallback presentation compiler.
2026.01.13 06:36:46 INFO  no build target found for /Users/cachavezmcpro21/java-spring-projects/notifications/src/main/java/com/ivansystems/notifications/model/ChannelType.java. Using fallback presentation compiler.
2026.01.13 06:36:46 INFO  no build target found for /Users/cachavezmcpro21/java-spring-projects/notifications/src/main/java/com/ivansystems/notifications/model/ChannelType.java. Using fallback presentation compiler.
2026.01.13 06:36:48 INFO  no build target found for /Users/cachavezmcpro21/java-spring-projects/notifications/src/main/java/com/ivansystems/notifications/model/ChannelType.java. Using fallback presentation compiler.
2026.01.13 06:36:48 INFO  no build target found for /Users/cachavezmcpro21/java-spring-projects/notifications/src/main/java/com/ivansystems/notifications/model/ChannelType.java. Using fallback presentation compiler.
2026.01.13 06:36:49 INFO  no build target found for /Users/cachavezmcpro21/java-spring-projects/notifications/src/main/java/com/ivansystems/notifications/model/ChannelType.java. Using fallback presentation compiler.
2026.01.13 06:36:49 INFO  no build target found for /Users/cachavezmcpro21/java-spring-projects/notifications/src/main/java/com/ivansystems/notifications/model/ChannelType.java. Using fallback presentation compiler.
2026.01.13 06:36:49 INFO  no build target found for /Users/cachavezmcpro21/java-spring-projects/notifications/src/main/java/com/ivansystems/notifications/model/ChannelType.java. Using fallback presentation compiler.
2026.01.13 06:36:53 INFO  no build target found for /Users/cachavezmcpro21/java-spring-projects/notifications/src/main/java/com/ivansystems/notifications/model/ChannelType.java. Using fallback presentation compiler.
2026.01.13 06:36:53 INFO  no build target found for /Users/cachavezmcpro21/java-spring-projects/notifications/src/main/java/com/ivansystems/notifications/model/ChannelType.java. Using fallback presentation compiler.
2026.01.13 06:36:53 INFO  no build target found for /Users/cachavezmcpro21/java-spring-projects/notifications/src/main/java/com/ivansystems/notifications/model/ChannelType.java. Using fallback presentation compiler.
Jan 13, 2026 6:36:56 AM org.eclipse.lsp4j.jsonrpc.RemoteEndpoint handleCancellation
WARNING: Unmatched cancel notification for request id 66
Jan 13, 2026 6:36:59 AM org.eclipse.lsp4j.jsonrpc.services.GenericEndpoint notify
INFO: Unsupported notification method: $/setTrace
Jan 13, 2026 6:37:00 AM org.eclipse.lsp4j.jsonrpc.services.GenericEndpoint notify
INFO: Unsupported notification method: $/setTrace
2026.01.13 06:37:29 WARN  no build target for: /Users/cachavezmcpro21/java-spring-projects/notifications/src/main/java/com/ivansystems/notifications/model/User.java
2026.01.13 06:37:29 INFO  no build target found for /Users/cachavezmcpro21/java-spring-projects/notifications/src/main/java/com/ivansystems/notifications/model/User.java. Using fallback presentation compiler.
2026.01.13 06:37:29 INFO  no build target found for /Users/cachavezmcpro21/java-spring-projects/notifications/src/main/java/com/ivansystems/notifications/model/User.java. Using fallback presentation compiler.
2026.01.13 06:37:31 INFO  no build target found for /Users/cachavezmcpro21/java-spring-projects/notifications/src/main/java/com/ivansystems/notifications/model/User.java. Using fallback presentation compiler.
2026.01.13 06:37:31 INFO  no build target found for /Users/cachavezmcpro21/java-spring-projects/notifications/src/main/java/com/ivansystems/notifications/model/User.java. Using fallback presentation compiler.
2026.01.13 06:37:31 INFO  no build target found for /Users/cachavezmcpro21/java-spring-projects/notifications/src/main/java/com/ivansystems/notifications/model/User.java. Using fallback presentation compiler.
2026.01.13 06:37:32 INFO  no build target found for /Users/cachavezmcpro21/java-spring-projects/notifications/src/main/java/com/ivansystems/notifications/model/User.java. Using fallback presentation compiler.
2026.01.13 06:37:32 INFO  no build target found for /Users/cachavezmcpro21/java-spring-projects/notifications/src/main/java/com/ivansystems/notifications/model/User.java. Using fallback presentation compiler.
2026.01.13 06:37:36 INFO  no build target found for /Users/cachavezmcpro21/java-spring-projects/notifications/src/main/java/com/ivansystems/notifications/model/User.java. Using fallback presentation compiler.
2026.01.13 06:37:36 INFO  no build target found for /Users/cachavezmcpro21/java-spring-projects/notifications/src/main/java/com/ivansystems/notifications/model/User.java. Using fallback presentation compiler.
Jan 13, 2026 6:37:56 AM org.eclipse.lsp4j.jsonrpc.services.GenericEndpoint notify
INFO: Unsupported notification method: $/setTrace
Jan 13, 2026 6:37:56 AM org.eclipse.lsp4j.jsonrpc.services.GenericEndpoint notify
INFO: Unsupported notification method: $/setTrace
2026.01.13 06:37:56 WARN  no build target for: /Users/cachavezmcpro21/java-spring-projects/notifications/src/main/java/com/ivansystems/notifications/model/User.java
2026.01.13 06:37:56 WARN  no build target for: /Users/cachavezmcpro21/java-spring-projects/notifications/src/main/java/com/ivansystems/notifications/model/Category.java
2026.01.13 06:37:56 WARN  no build target for: /Users/cachavezmcpro21/java-spring-projects/notifications/src/main/java/com/ivansystems/notifications/model/ChannelType.java
2026.01.13 06:38:01 INFO  no build target found for /Users/cachavezmcpro21/java-spring-projects/notifications/src/main/java/com/ivansystems/notifications/model/User.java. Using fallback presentation compiler.
2026.01.13 06:38:03 INFO  no build target found for /Users/cachavezmcpro21/java-spring-projects/notifications/src/main/java/com/ivansystems/notifications/model/User.java. Using fallback presentation compiler.
